Determining if the pthread_create exist failed with the following output:
Change Dir: /home/anyangyang/study/recovery/build/CMakeFiles/CMakeTmp

Run Build Command(s):/opt/rh/devtoolset-11/root/usr/bin/gmake cmTC_5784d/fast 
/opt/rh/devtoolset-11/root/usr/bin/gmake -f CMakeFiles/cmTC_5784d.dir/build.make CMakeFiles/cmTC_5784d.dir/build
gmake[1]: Entering directory '/home/anyangyang/study/recovery/build/CMakeFiles/CMakeTmp'
Building C object CMakeFiles/cmTC_5784d.dir/CheckSymbolExists.c.o
/opt/rh/devtoolset-11/root/usr/bin/cc    -o CMakeFiles/cmTC_5784d.dir/CheckSymbolExists.c.o   -c /home/anyangyang/study/recovery/build/CMakeFiles/CMakeTmp/CheckSymbolExists.c
Linking C executable cmTC_5784d
/usr/cmake-3.14.5/bin/cmake -E cmake_link_script CMakeFiles/cmTC_5784d.dir/link.txt --verbose=1
/opt/rh/devtoolset-11/root/usr/bin/cc      CMakeFiles/cmTC_5784d.dir/CheckSymbolExists.c.o  -o cmTC_5784d 
/opt/rh/devtoolset-11/root/usr/libexec/gcc/x86_64-redhat-linux/11/ld: CMakeFiles/cmTC_5784d.dir/CheckSymbolExists.c.o: in function `main':
CheckSymbolExists.c:(.text+0x16): undefined reference to `pthread_create'
collect2: error: ld returned 1 exit status
gmake[1]: *** [CMakeFiles/cmTC_5784d.dir/build.make:87: cmTC_5784d] Error 1
gmake[1]: Leaving directory '/home/anyangyang/study/recovery/build/CMakeFiles/CMakeTmp'
gmake: *** [Makefile:121: cmTC_5784d/fast] Error 2

File /home/anyangyang/study/recovery/build/CMakeFiles/CMakeTmp/CheckSymbolExists.c:
/* */
#include <pthread.h>

int main(int argc, char** argv)
{
  (void)argv;
#ifndef pthread_create
  return ((int*)(&pthread_create))[argc];
#else
  (void)argc;
  return 0;
#endif
}

